  pch.cpp
  dllmain.cpp
C:\Users\Gebruiker\Documents\OneDrive\Elec Projects\Github\YetAnother-USB-Oscilloscope\YetAnotherUSBOscilloscope\Dll_Osc_v7\dllmain.cpp(47,45): warning C4390: ';': empty controlled statement found; is this the intent?
  GlfwWindow.cpp
C:\Users\Gebruiker\Documents\OneDrive\Elec Projects\Github\YetAnother-USB-Oscilloscope\YetAnotherUSBOscilloscope\Dll_Osc_v7\GlfwWindow.cpp(85,41): warning C4390: ';': empty controlled statement found; is this the intent?
C:\Users\Gebruiker\Documents\OneDrive\Elec Projects\Github\YetAnother-USB-Oscilloscope\YetAnotherUSBOscilloscope\Dll_Osc_v7\GlfwWindow.cpp(89,43): warning C4390: ';': empty controlled statement found; is this the intent?
  ProcessMonitor.cpp
  ProcessScreen.cpp
C:\Users\Gebruiker\Documents\OneDrive\Elec Projects\Github\YetAnother-USB-Oscilloscope\YetAnotherUSBOscilloscope\Dll_Osc_v7\ProcessScreen.cpp(127,20): warning C4018: '<=': signed/unsigned mismatch
C:\Users\Gebruiker\Documents\OneDrive\Elec Projects\Github\YetAnother-USB-Oscilloscope\YetAnotherUSBOscilloscope\Dll_Osc_v7\ProcessScreen.cpp(130,20): warning C4018: '<=': signed/unsigned mismatch
C:\Users\Gebruiker\Documents\OneDrive\Elec Projects\Github\YetAnother-USB-Oscilloscope\YetAnotherUSBOscilloscope\Dll_Osc_v7\ProcessScreen.cpp(217,20): warning C4018: '<': signed/unsigned mismatch
  Source.cpp
LINK : warning LNK4075: ignoring '/INCREMENTAL' due to '/LTCG' specification
     Creating library C:\Users\Gebruiker\Documents\OneDrive\Elec Projects\Github\YetAnother-USB-Oscilloscope\YetAnotherUSBOscilloscope\x64\Release\Dll_Osc_v7.lib and object C:\Users\Gebruiker\Documents\OneDrive\Elec Projects\Github\YetAnother-USB-Oscilloscope\YetAnotherUSBOscilloscope\x64\Release\Dll_Osc_v7.exp
LINK : warning LNK4098: defaultlib 'LIBCMT' conflicts with use of other libs; use /NODEFAULTLIB:library
  Generating code
  Previous IPDB not found, fall back to full compilation.
  All 362 functions were compiled because no usable IPDB/IOBJ from previous compilation was found.
  Finished generating code
glew32s.lib(glew.obj) : warning LNK4099: PDB 'glew_static.pdb' was not found with 'glew32s.lib(glew.obj)' or at 'C:\Users\Gebruiker\Documents\OneDrive\Elec Projects\Github\YetAnother-USB-Oscilloscope\YetAnotherUSBOscilloscope\x64\Release\glew_static.pdb'; linking object as if no debug info
  Dll_Osc_v7.vcxproj -> C:\Users\Gebruiker\Documents\OneDrive\Elec Projects\Github\YetAnother-USB-Oscilloscope\YetAnotherUSBOscilloscope\x64\Release\Dll_Osc_v7.dll
