c:\users\gebruiker\documents\onedrive\elec projects\github\yetanother-usb-oscilloscope\yetanotherusboscilloscope\dll_osc_v7\x64\release\dll_osc_v7.pch
c:\users\gebruiker\documents\onedrive\elec projects\github\yetanother-usb-oscilloscope\yetanotherusboscilloscope\dll_osc_v7\x64\release\vc142.pdb
c:\users\gebruiker\documents\onedrive\elec projects\github\yetanother-usb-oscilloscope\yetanotherusboscilloscope\dll_osc_v7\x64\release\pch.obj
c:\users\gebruiker\documents\onedrive\elec projects\github\yetanother-usb-oscilloscope\yetanotherusboscilloscope\dll_osc_v7\x64\release\source.obj
c:\users\gebruiker\documents\onedrive\elec projects\github\yetanother-usb-oscilloscope\yetanotherusboscilloscope\dll_osc_v7\x64\release\processscreen.obj
c:\users\gebruiker\documents\onedrive\elec projects\github\yetanother-usb-oscilloscope\yetanotherusboscilloscope\dll_osc_v7\x64\release\processmonitor.obj
c:\users\gebruiker\documents\onedrive\elec projects\github\yetanother-usb-oscilloscope\yetanotherusboscilloscope\dll_osc_v7\x64\release\glfwwindow.obj
c:\users\gebruiker\documents\onedrive\elec projects\github\yetanother-usb-oscilloscope\yetanotherusboscilloscope\dll_osc_v7\x64\release\dllmain.obj
c:\users\gebruiker\documents\onedrive\elec projects\github\yetanother-usb-oscilloscope\yetanotherusboscilloscope\x64\release\dll_osc_v7.lib
c:\users\gebruiker\documents\onedrive\elec projects\github\yetanother-usb-oscilloscope\yetanotherusboscilloscope\x64\release\dll_osc_v7.exp
c:\users\gebruiker\documents\onedrive\elec projects\github\yetanother-usb-oscilloscope\yetanotherusboscilloscope\x64\release\dll_osc_v7.ipdb
c:\users\gebruiker\documents\onedrive\elec projects\github\yetanother-usb-oscilloscope\yetanotherusboscilloscope\x64\release\dll_osc_v7.iobj
c:\users\gebruiker\documents\onedrive\elec projects\github\yetanother-usb-oscilloscope\yetanotherusboscilloscope\x64\release\dll_osc_v7.dll
c:\users\gebruiker\documents\onedrive\elec projects\github\yetanother-usb-oscilloscope\yetanotherusboscilloscope\x64\release\dll_osc_v7.pdb
c:\users\gebruiker\documents\onedrive\elec projects\github\yetanother-usb-oscilloscope\yetanotherusboscilloscope\dll_osc_v7\x64\release\dll_osc_v7.tlog\cl.command.1.tlog
c:\users\gebruiker\documents\onedrive\elec projects\github\yetanother-usb-oscilloscope\yetanotherusboscilloscope\dll_osc_v7\x64\release\dll_osc_v7.tlog\cl.read.1.tlog
c:\users\gebruiker\documents\onedrive\elec projects\github\yetanother-usb-oscilloscope\yetanotherusboscilloscope\dll_osc_v7\x64\release\dll_osc_v7.tlog\cl.write.1.tlog
c:\users\gebruiker\documents\onedrive\elec projects\github\yetanother-usb-oscilloscope\yetanotherusboscilloscope\dll_osc_v7\x64\release\dll_osc_v7.tlog\dll_osc_v7.write.1u.tlog
c:\users\gebruiker\documents\onedrive\elec projects\github\yetanother-usb-oscilloscope\yetanotherusboscilloscope\dll_osc_v7\x64\release\dll_osc_v7.tlog\link.command.1.tlog
c:\users\gebruiker\documents\onedrive\elec projects\github\yetanother-usb-oscilloscope\yetanotherusboscilloscope\dll_osc_v7\x64\release\dll_osc_v7.tlog\link.read.1.tlog
c:\users\gebruiker\documents\onedrive\elec projects\github\yetanother-usb-oscilloscope\yetanotherusboscilloscope\dll_osc_v7\x64\release\dll_osc_v7.tlog\link.write.1.tlog
