  pch.cpp
  dllmain.cpp
C:\Users\Gebruiker\Documents\OneDrive\Elec Projects\Github\YetAnother-USB-Oscilloscope\YetAnotherUSBOscilloscope\Dll_Osc_v7\dllmain.cpp(49,45): warning C4390: ';': empty controlled statement found; is this the intent?
C:\Users\Gebruiker\Documents\OneDrive\Elec Projects\Github\YetAnother-USB-Oscilloscope\YetAnotherUSBOscilloscope\Dll_Osc_v7\dllmain.cpp(74,62): warning C4390: ';': empty controlled statement found; is this the intent?
C:\Users\Gebruiker\Documents\OneDrive\Elec Projects\Github\YetAnother-USB-Oscilloscope\YetAnotherUSBOscilloscope\Dll_Osc_v7\dllmain.cpp(77,101): warning C4390: ';': empty controlled statement found; is this the intent?
C:\Users\Gebruiker\Documents\OneDrive\Elec Projects\Github\YetAnother-USB-Oscilloscope\YetAnotherUSBOscilloscope\Dll_Osc_v7\dllmain.cpp(78,81): warning C4390: ';': empty controlled statement found; is this the intent?
C:\Users\Gebruiker\Documents\OneDrive\Elec Projects\Github\YetAnother-USB-Oscilloscope\YetAnotherUSBOscilloscope\Dll_Osc_v7\dllmain.cpp(80,76): warning C4390: ';': empty controlled statement found; is this the intent?
C:\Users\Gebruiker\Documents\OneDrive\Elec Projects\Github\YetAnother-USB-Oscilloscope\YetAnotherUSBOscilloscope\Dll_Osc_v7\dllmain.cpp(81,106): warning C4390: ';': empty controlled statement found; is this the intent?
C:\Users\Gebruiker\Documents\OneDrive\Elec Projects\Github\YetAnother-USB-Oscilloscope\YetAnotherUSBOscilloscope\Dll_Osc_v7\dllmain.cpp(82,71): warning C4390: ';': empty controlled statement found; is this the intent?
C:\Users\Gebruiker\Documents\OneDrive\Elec Projects\Github\YetAnother-USB-Oscilloscope\YetAnotherUSBOscilloscope\Dll_Osc_v7\dllmain.cpp(135,18): warning C4244: '=': conversion from 'double' to 'uint16_t', possible loss of data
C:\Users\Gebruiker\Documents\OneDrive\Elec Projects\Github\YetAnother-USB-Oscilloscope\YetAnotherUSBOscilloscope\Dll_Osc_v7\dllmain.cpp(164,15): warning C4244: '=': conversion from 'int32_t' to 'float', possible loss of data
  GlfwWindow.cpp
  ProcessData.cpp
C:\Users\Gebruiker\Documents\OneDrive\Elec Projects\Github\YetAnother-USB-Oscilloscope\YetAnotherUSBOscilloscope\Dll_Osc_v7\ProcessData.cpp(15,27): warning C4018: '<=': signed/unsigned mismatch
C:\Users\Gebruiker\Documents\OneDrive\Elec Projects\Github\YetAnother-USB-Oscilloscope\YetAnotherUSBOscilloscope\Dll_Osc_v7\ProcessData.cpp(48,27): warning C4018: '<=': signed/unsigned mismatch
C:\Users\Gebruiker\Documents\OneDrive\Elec Projects\Github\YetAnother-USB-Oscilloscope\YetAnotherUSBOscilloscope\Dll_Osc_v7\ProcessData.cpp(76,27): warning C4018: '>=': signed/unsigned mismatch
C:\Users\Gebruiker\Documents\OneDrive\Elec Projects\Github\YetAnother-USB-Oscilloscope\YetAnotherUSBOscilloscope\Dll_Osc_v7\ProcessData.cpp(82,23): warning C4244: '=': conversion from 'float' to 'int32_t', possible loss of data
  ProcessMonitor.cpp
  ProcessScreen.cpp
  Source.cpp
  Generating Code...
     Creating library C:\Users\Gebruiker\Documents\OneDrive\Elec Projects\Github\YetAnother-USB-Oscilloscope\YetAnotherUSBOscilloscope\x64\Debug\Dll_Osc_v7.lib and object C:\Users\Gebruiker\Documents\OneDrive\Elec Projects\Github\YetAnother-USB-Oscilloscope\YetAnotherUSBOscilloscope\x64\Debug\Dll_Osc_v7.exp
LINK : warning LNK4098: defaultlib 'MSVCRT' conflicts with use of other libs; use /NODEFAULTLIB:library
  Dll_Osc_v7.vcxproj -> C:\Users\Gebruiker\Documents\OneDrive\Elec Projects\Github\YetAnother-USB-Oscilloscope\YetAnotherUSBOscilloscope\x64\Debug\Dll_Osc_v7.dll
