c:\users\gebruiker\documents\onedrive\elec projects\github\yetanother-usb-oscilloscope\yetanotherusboscilloscope\dll_osc_v7\x64\debug\dll_osc_v7.pch
c:\users\gebruiker\documents\onedrive\elec projects\github\yetanother-usb-oscilloscope\yetanotherusboscilloscope\dll_osc_v7\x64\debug\vc142.pdb
c:\users\gebruiker\documents\onedrive\elec projects\github\yetanother-usb-oscilloscope\yetanotherusboscilloscope\dll_osc_v7\x64\debug\vc142.idb
c:\users\gebruiker\documents\onedrive\elec projects\github\yetanother-usb-oscilloscope\yetanotherusboscilloscope\dll_osc_v7\x64\debug\pch.obj
c:\users\gebruiker\documents\onedrive\elec projects\github\yetanother-usb-oscilloscope\yetanotherusboscilloscope\dll_osc_v7\x64\debug\source.obj
c:\users\gebruiker\documents\onedrive\elec projects\github\yetanother-usb-oscilloscope\yetanotherusboscilloscope\dll_osc_v7\x64\debug\processscreen.obj
c:\users\gebruiker\documents\onedrive\elec projects\github\yetanother-usb-oscilloscope\yetanotherusboscilloscope\dll_osc_v7\x64\debug\processmonitor.obj
c:\users\gebruiker\documents\onedrive\elec projects\github\yetanother-usb-oscilloscope\yetanotherusboscilloscope\dll_osc_v7\x64\debug\processdata.obj
c:\users\gebruiker\documents\onedrive\elec projects\github\yetanother-usb-oscilloscope\yetanotherusboscilloscope\dll_osc_v7\x64\debug\glfwwindow.obj
c:\users\gebruiker\documents\onedrive\elec projects\github\yetanother-usb-oscilloscope\yetanotherusboscilloscope\dll_osc_v7\x64\debug\dllmain.obj
c:\users\gebruiker\documents\onedrive\elec projects\github\yetanother-usb-oscilloscope\yetanotherusboscilloscope\x64\debug\dll_osc_v7.lib
c:\users\gebruiker\documents\onedrive\elec projects\github\yetanother-usb-oscilloscope\yetanotherusboscilloscope\x64\debug\dll_osc_v7.exp
c:\users\gebruiker\documents\onedrive\elec projects\github\yetanother-usb-oscilloscope\yetanotherusboscilloscope\x64\debug\dll_osc_v7.ilk
c:\users\gebruiker\documents\onedrive\elec projects\github\yetanother-usb-oscilloscope\yetanotherusboscilloscope\x64\debug\dll_osc_v7.dll
c:\users\gebruiker\documents\onedrive\elec projects\github\yetanother-usb-oscilloscope\yetanotherusboscilloscope\x64\debug\dll_osc_v7.pdb
c:\users\gebruiker\documents\onedrive\elec projects\github\yetanother-usb-oscilloscope\yetanotherusboscilloscope\dll_osc_v7\x64\debug\dll_osc_v7.tlog\cl.command.1.tlog
c:\users\gebruiker\documents\onedrive\elec projects\github\yetanother-usb-oscilloscope\yetanotherusboscilloscope\dll_osc_v7\x64\debug\dll_osc_v7.tlog\cl.read.1.tlog
c:\users\gebruiker\documents\onedrive\elec projects\github\yetanother-usb-oscilloscope\yetanotherusboscilloscope\dll_osc_v7\x64\debug\dll_osc_v7.tlog\cl.write.1.tlog
c:\users\gebruiker\documents\onedrive\elec projects\github\yetanother-usb-oscilloscope\yetanotherusboscilloscope\dll_osc_v7\x64\debug\dll_osc_v7.tlog\dll_osc_v7.write.1u.tlog
c:\users\gebruiker\documents\onedrive\elec projects\github\yetanother-usb-oscilloscope\yetanotherusboscilloscope\dll_osc_v7\x64\debug\dll_osc_v7.tlog\link.command.1.tlog
c:\users\gebruiker\documents\onedrive\elec projects\github\yetanother-usb-oscilloscope\yetanotherusboscilloscope\dll_osc_v7\x64\debug\dll_osc_v7.tlog\link.read.1.tlog
c:\users\gebruiker\documents\onedrive\elec projects\github\yetanother-usb-oscilloscope\yetanotherusboscilloscope\dll_osc_v7\x64\debug\dll_osc_v7.tlog\link.write.1.tlog
